[2023-10-20T15:40:06.693+0000] {taskinstance.py:1103} INFO - Dependencies all met for dep_context=non-requeueable deps ti=<TaskInstance: combined_dag.load_modeling scheduled__2023-10-20T15:39:00+00:00 [queued]>
[2023-10-20T15:40:06.705+0000] {taskinstance.py:1103} INFO - Dependencies all met for dep_context=requeueable deps ti=<TaskInstance: combined_dag.load_modeling scheduled__2023-10-20T15:39:00+00:00 [queued]>
[2023-10-20T15:40:06.706+0000] {taskinstance.py:1308} INFO - Starting attempt 1 of 1
[2023-10-20T15:40:06.722+0000] {taskinstance.py:1327} INFO - Executing <Task(PythonOperator): load_modeling> on 2023-10-20 15:39:00+00:00
[2023-10-20T15:40:06.732+0000] {standard_task_runner.py:57} INFO - Started process 2367 to run task
[2023-10-20T15:40:06.735+0000] {standard_task_runner.py:84} INFO - Running: ['***', 'tasks', 'run', 'combined_dag', 'load_modeling', 'scheduled__2023-10-20T15:39:00+00:00', '--job-id', '373', '--raw', '--subdir', 'DAGS_FOLDER/combined_dag(real).py', '--cfg-path', '/tmp/tmpskzk2oos']
[2023-10-20T15:40:06.736+0000] {standard_task_runner.py:85} INFO - Job 373: Subtask load_modeling
[2023-10-20T15:40:06.780+0000] {task_command.py:410} INFO - Running <TaskInstance: combined_dag.load_modeling scheduled__2023-10-20T15:39:00+00:00 [running]> on host 310b365e0fea
[2023-10-20T15:40:06.859+0000] {taskinstance.py:1547} INFO - Exporting env vars: AIRFLOW_CTX_DAG_OWNER='***' AIRFLOW_CTX_DAG_ID='combined_dag' AIRFLOW_CTX_TASK_ID='load_modeling' AIRFLOW_CTX_EXECUTION_DATE='2023-10-20T15:39:00+00:00' AIRFLOW_CTX_TRY_NUMBER='1' AIRFLOW_CTX_DAG_RUN_ID='scheduled__2023-10-20T15:39:00+00:00'
[2023-10-20T15:40:08.043+0000] {warnings.py:110} WARNING - /home/***/.local/lib/python3.7/site-packages/sklearn/base.py:451: UserWarning: X does not have valid feature names, but RandomForestClassifier was fitted with feature names
  "X does not have valid feature names, but"

[2023-10-20T15:40:08.097+0000] {warnings.py:110} WARNING - /home/***/.local/lib/python3.7/site-packages/sklearn/base.py:451: UserWarning: X does not have valid feature names, but ExtraTreesClassifier was fitted with feature names
  "X does not have valid feature names, but"

[2023-10-20T15:40:08.150+0000] {taskinstance.py:1824} ERROR - Task failed with exception
Traceback (most recent call last):
  File "/home/airflow/.local/lib/python3.7/site-packages/airflow/operators/python.py", line 181, in execute
    return_value = self.execute_callable()
  File "/home/airflow/.local/lib/python3.7/site-packages/airflow/operators/python.py", line 198, in execute_callable
    return self.python_callable(*self.op_args, **self.op_kwargs)
  File "/opt/airflow/dags/combined_dag(real).py", line 156, in load_modeling
    reg_model = load(f'./models/reg_clust_{new_pred_cluster[0]}.pkl')
  File "/home/airflow/.local/lib/python3.7/site-packages/joblib/numpy_pickle.py", line 658, in load
    obj = _unpickle(fobj, filename, mmap_mode)
  File "/home/airflow/.local/lib/python3.7/site-packages/joblib/numpy_pickle.py", line 577, in _unpickle
    obj = unpickler.load()
  File "/usr/local/lib/python3.7/pickle.py", line 1088, in load
    dispatch[key[0]](self)
  File "/home/airflow/.local/lib/python3.7/site-packages/joblib/numpy_pickle.py", line 415, in load_build
    self.stack.append(array_wrapper.read(self))
  File "/home/airflow/.local/lib/python3.7/site-packages/joblib/numpy_pickle.py", line 252, in read
    array = self.read_array(unpickler)
  File "/home/airflow/.local/lib/python3.7/site-packages/joblib/numpy_pickle.py", line 178, in read_array
    read_size, "array data")
  File "/home/airflow/.local/lib/python3.7/site-packages/joblib/numpy_pickle_utils.py", line 251, in _read_bytes
    raise ValueError(msg % (error_template, size, len(data)))
ValueError: EOF: reading array data, expected 262136 bytes got 186848
[2023-10-20T15:40:08.161+0000] {taskinstance.py:1350} INFO - Marking task as FAILED. dag_id=combined_dag, task_id=load_modeling, execution_date=20231020T153900, start_date=20231020T154006, end_date=20231020T154008
[2023-10-20T15:40:08.173+0000] {standard_task_runner.py:109} ERROR - Failed to execute job 373 for task load_modeling (EOF: reading array data, expected 262136 bytes got 186848; 2367)
[2023-10-20T15:40:08.233+0000] {local_task_job_runner.py:225} INFO - Task exited with return code 1
[2023-10-20T15:40:08.255+0000] {taskinstance.py:2653} INFO - 0 downstream tasks scheduled from follow-on schedule check
