[2023-12-27T16:33:15.535+0000] {taskinstance.py:1103} INFO - Dependencies all met for dep_context=non-requeueable deps ti=<TaskInstance: modeling_dag.load_modeling manual__2023-12-27T16:33:13.336971+00:00 [queued]>
[2023-12-27T16:33:15.542+0000] {taskinstance.py:1103} INFO - Dependencies all met for dep_context=requeueable deps ti=<TaskInstance: modeling_dag.load_modeling manual__2023-12-27T16:33:13.336971+00:00 [queued]>
[2023-12-27T16:33:15.542+0000] {taskinstance.py:1308} INFO - Starting attempt 1 of 1
[2023-12-27T16:33:15.552+0000] {taskinstance.py:1327} INFO - Executing <Task(PythonOperator): load_modeling> on 2023-12-27 16:33:13.336971+00:00
[2023-12-27T16:33:15.557+0000] {standard_task_runner.py:57} INFO - Started process 2599 to run task
[2023-12-27T16:33:15.561+0000] {standard_task_runner.py:84} INFO - Running: ['***', 'tasks', 'run', 'modeling_dag', 'load_modeling', 'manual__2023-12-27T16:33:13.336971+00:00', '--job-id', '401', '--raw', '--subdir', 'DAGS_FOLDER/modeling.py', '--cfg-path', '/tmp/tmp3avnz2du']
[2023-12-27T16:33:15.563+0000] {standard_task_runner.py:85} INFO - Job 401: Subtask load_modeling
[2023-12-27T16:33:15.597+0000] {task_command.py:410} INFO - Running <TaskInstance: modeling_dag.load_modeling manual__2023-12-27T16:33:13.336971+00:00 [running]> on host c56b1de7f6cf
[2023-12-27T16:33:15.654+0000] {taskinstance.py:1547} INFO - Exporting env vars: AIRFLOW_CTX_DAG_OWNER='***' AIRFLOW_CTX_DAG_ID='modeling_dag' AIRFLOW_CTX_TASK_ID='load_modeling' AIRFLOW_CTX_EXECUTION_DATE='2023-12-27T16:33:13.336971+00:00' AIRFLOW_CTX_TRY_NUMBER='1' AIRFLOW_CTX_DAG_RUN_ID='manual__2023-12-27T16:33:13.336971+00:00'
[2023-12-27T16:33:15.684+0000] {logging_mixin.py:150} INFO - 내용 [['2023/12/28 00:56' 16.63857 6.6096 21.95757 153.48474 26.90361 None
  None 3285.649 None None]]
[2023-12-27T16:33:15.684+0000] {logging_mixin.py:150} INFO - 타입 <class 'numpy.ndarray'>
[2023-12-27T16:33:16.379+0000] {warnings.py:110} WARNING - /home/***/.local/lib/python3.7/site-packages/sklearn/base.py:451: UserWarning: X does not have valid feature names, but RandomForestClassifier was fitted with feature names
  "X does not have valid feature names, but"

[2023-12-27T16:33:16.379+0000] {taskinstance.py:1824} ERROR - Task failed with exception
Traceback (most recent call last):
  File "/home/airflow/.local/lib/python3.7/site-packages/airflow/operators/python.py", line 181, in execute
    return_value = self.execute_callable()
  File "/home/airflow/.local/lib/python3.7/site-packages/airflow/operators/python.py", line 198, in execute_callable
    return self.python_callable(*self.op_args, **self.op_kwargs)
  File "/opt/airflow/dags/modeling.py", line 117, in load_modeling
    new_pred_cluster = cl_model.predict([new_data[0][0:5]])
  File "/home/airflow/.local/lib/python3.7/site-packages/sklearn/utils/metaestimators.py", line 113, in <lambda>
    out = lambda *args, **kwargs: self.fn(obj, *args, **kwargs)  # noqa
  File "/home/airflow/.local/lib/python3.7/site-packages/sklearn/ensemble/_stacking.py", line 511, in predict
    y_pred = super().predict(X, **predict_params)
  File "/home/airflow/.local/lib/python3.7/site-packages/sklearn/utils/metaestimators.py", line 113, in <lambda>
    out = lambda *args, **kwargs: self.fn(obj, *args, **kwargs)  # noqa
  File "/home/airflow/.local/lib/python3.7/site-packages/sklearn/ensemble/_stacking.py", line 267, in predict
    return self.final_estimator_.predict(self.transform(X), **predict_params)
  File "/home/airflow/.local/lib/python3.7/site-packages/sklearn/ensemble/_stacking.py", line 567, in transform
    return self._transform(X)
  File "/home/airflow/.local/lib/python3.7/site-packages/sklearn/ensemble/_stacking.py", line 239, in _transform
    for est, meth in zip(self.estimators_, self.stack_method_)
  File "/home/airflow/.local/lib/python3.7/site-packages/sklearn/ensemble/_stacking.py", line 240, in <listcomp>
    if est != "drop"
  File "/home/airflow/.local/lib/python3.7/site-packages/sklearn/ensemble/_forest.py", line 850, in predict_proba
    X = self._validate_X_predict(X)
  File "/home/airflow/.local/lib/python3.7/site-packages/sklearn/ensemble/_forest.py", line 579, in _validate_X_predict
    X = self._validate_data(X, dtype=DTYPE, accept_sparse="csr", reset=False)
  File "/home/airflow/.local/lib/python3.7/site-packages/sklearn/base.py", line 566, in _validate_data
    X = check_array(X, **check_params)
  File "/home/airflow/.local/lib/python3.7/site-packages/sklearn/utils/validation.py", line 746, in check_array
    array = np.asarray(array, order=order, dtype=dtype)
ValueError: could not convert string to float: '2023/12/28 00:56'
[2023-12-27T16:33:16.390+0000] {taskinstance.py:1350} INFO - Marking task as FAILED. dag_id=modeling_dag, task_id=load_modeling, execution_date=20231227T163313, start_date=20231227T163315, end_date=20231227T163316
[2023-12-27T16:33:16.401+0000] {standard_task_runner.py:109} ERROR - Failed to execute job 401 for task load_modeling (could not convert string to float: '2023/12/28 00:56'; 2599)
[2023-12-27T16:33:16.455+0000] {local_task_job_runner.py:225} INFO - Task exited with return code 1
[2023-12-27T16:33:16.472+0000] {taskinstance.py:2653} INFO - 0 downstream tasks scheduled from follow-on schedule check
